This file contains any messages produced by compilers while
running configure, to aid debugging if configure makes a mistake.

It was created by gcmtool configure 0.3.3d, which was
generated by GNU Autoconf 2.59.  Invocation command line was

  $ ./configure 

## --------- ##
## Platform. ##
## --------- ##

hostname = Dual-G4.local
uname -m = Power Macintosh
uname -r = 8.4.0
uname -s = Darwin
uname -v = Darwin Kernel Version 8.4.0: Tue Jan  3 18:22:10 PST 2006; root:xnu-792.6.56.obj~1/RELEASE_PPC

/usr/bin/uname -p = powerpc
/bin/uname -X     = unknown

/bin/arch              = unknown
/usr/bin/arch -k       = unknown
/usr/convex/getsysinfo = unknown
hostinfo               = Mach kernel version:
	 Darwin Kernel Version 8.4.0: Tue Jan  3 18:22:10 PST 2006; root:xnu-792.6.56.obj~1/RELEASE_PPC
Kernel configured for up to 2 processors.
2 processors are physically available.
Processor type: ppc7450 (PowerPC 7450)
Processors active: 0 1
Primary memory available: 2.00 gigabytes
Default processor set: 59 tasks, 216 threads, 2 processors
Load average: 0.63, Mach factor: 1.36
/bin/machine           = unknown
/usr/bin/oslevel       = unknown
/bin/universe          = unknown

PATH: /bin
PATH: /sbin
PATH: /usr/bin
PATH: /usr/sbin


## ----------- ##
## Core tests. ##
## ----------- ##

configure:1306: checking for a BSD-compatible install
configure:1361: result: /usr/bin/install -c
configure:1372: checking whether build environment is sane
configure:1415: result: yes
configure:1448: checking for gawk
configure:1477: result: no
configure:1448: checking for mawk
configure:1477: result: no
configure:1448: checking for nawk
configure:1477: result: no
configure:1448: checking for awk
configure:1464: found /usr/bin/awk
configure:1474: result: awk
configure:1484: checking whether make sets $(MAKE)
configure:1504: result: yes
configure:1695: checking for gcc
configure:1711: found /usr/bin/gcc
configure:1721: result: gcc
configure:1965: checking for C compiler version
configure:1968: gcc --version </dev/null >&5
powerpc-apple-darwin8-gcc-4.0.1 (GCC) 4.0.1 (Apple Computer, Inc. build 5247)
Copyright (C) 2005 Free Software Foundation, Inc.
This is free software; see the source for copying conditions.  There is NO
warranty; not even for MERCHANTABILITY or FITNESS FOR A PARTICULAR PURPOSE.

configure:1971: $? = 0
configure:1973: gcc -v </dev/null >&5
Using built-in specs.
Target: powerpc-apple-darwin8
Configured with: /private/var/tmp/gcc/gcc-5247.obj~4/src/configure --disable-checking -enable-werror --prefix=/usr --mandir=/share/man --enable-languages=c,objc,c++,obj-c++ --program-transform-name=/^[cg][^.-]*$/s/$/-4.0/ --with-gxx-include-dir=/include/c++/4.0.0 --build=powerpc-apple-darwin8 --host=powerpc-apple-darwin8 --target=powerpc-apple-darwin8
Thread model: posix
gcc version 4.0.1 (Apple Computer, Inc. build 5247)
configure:1976: $? = 0
configure:1978: gcc -V </dev/null >&5
gcc: argument to `-V' is missing
configure:1981: $? = 1
configure:2004: checking for C compiler default output file name
configure:2007: gcc    conftest.c  >&5
configure:2010: $? = 0
configure:2056: result: a.out
configure:2061: checking whether the C compiler works
configure:2067: ./a.out
configure:2070: $? = 0
configure:2087: result: yes
configure:2094: checking whether we are cross compiling
configure:2096: result: no
configure:2099: checking for suffix of executables
configure:2101: gcc -o conftest    conftest.c  >&5
configure:2104: $? = 0
configure:2129: result: 
configure:2135: checking for suffix of object files
configure:2156: gcc -c   conftest.c >&5
configure:2159: $? = 0
configure:2181: result: o
configure:2185: checking whether we are using the GNU C compiler
configure:2209: gcc -c   conftest.c >&5
configure:2215: $? = 0
configure:2219: test -z 
			 || test ! -s conftest.err
configure:2222: $? = 0
configure:2225: test -s conftest.o
configure:2228: $? = 0
configure:2241: result: yes
configure:2247: checking whether gcc accepts -g
configure:2268: gcc -c -g  conftest.c >&5
configure:2274: $? = 0
configure:2278: test -z 
			 || test ! -s conftest.err
configure:2281: $? = 0
configure:2284: test -s conftest.o
configure:2287: $? = 0
configure:2298: result: yes
configure:2315: checking for gcc option to accept ANSI C
configure:2385: gcc  -c -g -O2  conftest.c >&5
configure:2391: $? = 0
configure:2395: test -z 
			 || test ! -s conftest.err
configure:2398: $? = 0
configure:2401: test -s conftest.o
configure:2404: $? = 0
configure:2422: result: none needed
configure:2440: gcc -c -g -O2  conftest.c >&5
conftest.c:2: error: parse error before 'me'
configure:2446: $? = 1
configure: failed program was:
| #ifndef __cplusplus
|   choke me
| #endif
configure:2598: checking for style of include used by make
configure:2626: result: GNU
configure:2654: checking dependency style of gcc
configure:2716: result: gcc3
configure:2734: checking for a BSD-compatible install
configure:2789: result: /usr/bin/install -c
configure:2910: creating ./config.status

## ---------------------- ##
## Running config.status. ##
## ---------------------- ##

This file was extended by gcmtool config.status 0.3.3d, which was
generated by GNU Autoconf 2.59.  Invocation command line was

  CONFIG_FILES    = 
  CONFIG_HEADERS  = 
  CONFIG_LINKS    = 
  CONFIG_COMMANDS = 
  $ ./config.status 

on Dual-G4.local

config.status:681: creating Makefile
config.status:681: creating src/Makefile
config.status:785: creating src/config.h
config.status:871: src/config.h is unchanged
config.status:1035: executing depfiles commands

## ---------------- ##
## Cache variables. ##
## ---------------- ##

ac_cv_c_compiler_gnu=yes
ac_cv_env_CC_set=
ac_cv_env_CC_value=
ac_cv_env_CFLAGS_set=
ac_cv_env_CFLAGS_value=
ac_cv_env_CPPFLAGS_set=
ac_cv_env_CPPFLAGS_value=
ac_cv_env_LDFLAGS_set=
ac_cv_env_LDFLAGS_value=
ac_cv_env_build_alias_set=
ac_cv_env_build_alias_value=
ac_cv_env_host_alias_set=
ac_cv_env_host_alias_value=
ac_cv_env_target_alias_set=
ac_cv_env_target_alias_value=
ac_cv_exeext=
ac_cv_objext=o
ac_cv_path_install='/usr/bin/install -c'
ac_cv_prog_AWK=awk
ac_cv_prog_ac_ct_CC=gcc
ac_cv_prog_cc_g=yes
ac_cv_prog_cc_stdc=
ac_cv_prog_make_make_set=yes
am_cv_CC_dependencies_compiler_type=gcc3

## ----------------- ##
## Output variables. ##
## ----------------- ##

ACLOCAL='${SHELL} /Users/bcohen/cvs/gcmtool/missing --run aclocal-1.6'
AMDEPBACKSLASH='\'
AMDEP_FALSE='#'
AMDEP_TRUE=''
AMTAR='${SHELL} /Users/bcohen/cvs/gcmtool/missing --run tar'
AUTOCONF='${SHELL} /Users/bcohen/cvs/gcmtool/missing --run autoconf'
AUTOHEADER='${SHELL} /Users/bcohen/cvs/gcmtool/missing --run autoheader'
AUTOMAKE='${SHELL} /Users/bcohen/cvs/gcmtool/missing --run automake-1.6'
AWK='awk'
CC='gcc'
CCDEPMODE='depmode=gcc3'
CFLAGS='-g -O2'
CPPFLAGS=''
DEFS='-DHAVE_CONFIG_H'
DEPDIR='.deps'
ECHO_C=''
ECHO_N='-n'
ECHO_T=''
EXEEXT=''
INSTALL_DATA='${INSTALL} -m 644'
INSTALL_PROGRAM='${INSTALL}'
INSTALL_SCRIPT='${INSTALL}'
INSTALL_STRIP_PROGRAM='${SHELL} $(install_sh) -c -s'
LDFLAGS=''
LIBOBJS=''
LIBS=''
LTLIBOBJS=''
MAKEINFO='${SHELL} /Users/bcohen/cvs/gcmtool/missing --run makeinfo'
OBJEXT='o'
PACKAGE='gcmtool'
PACKAGE_BUGREPORT=''
PACKAGE_NAME='gcmtool'
PACKAGE_STRING='gcmtool 0.3.3d'
PACKAGE_TARNAME='gcmtool'
PACKAGE_VERSION='0.3.3d'
PATH_SEPARATOR=':'
SET_MAKE=''
SHELL='/bin/sh'
STRIP=''
VERSION='0.3.3d'
ac_ct_CC='gcc'
ac_ct_STRIP=''
am__include='include'
am__quote=''
bindir='${exec_prefix}/bin'
build_alias=''
datadir='${prefix}/share'
exec_prefix='${prefix}'
host_alias=''
includedir='${prefix}/include'
infodir='${prefix}/info'
install_sh='/Users/bcohen/cvs/gcmtool/install-sh'
libdir='${exec_prefix}/lib'
libexecdir='${exec_prefix}/libexec'
localstatedir='${prefix}/var'
mandir='${prefix}/man'
oldincludedir='/usr/include'
prefix='/usr/local'
program_transform_name='s,x,x,'
sbindir='${exec_prefix}/sbin'
sharedstatedir='${prefix}/com'
sysconfdir='${prefix}/etc'
target_alias=''

## ----------- ##
## confdefs.h. ##
## ----------- ##

#define PACKAGE "gcmtool"
#define PACKAGE_BUGREPORT ""
#define PACKAGE_NAME "gcmtool"
#define PACKAGE_STRING "gcmtool 0.3.3d"
#define PACKAGE_TARNAME "gcmtool"
#define PACKAGE_VERSION "0.3.3d"
#define VERSION "0.3.3d"

configure: exit 0

## ---------------------- ##
## Running config.status. ##
## ---------------------- ##

This file was extended by gcmtool config.status 0.3.3d, which was
generated by GNU Autoconf 2.59.  Invocation command line was

  CONFIG_FILES    = 
  CONFIG_HEADERS  = 
  CONFIG_LINKS    = 
  CONFIG_COMMANDS = 
  $ ./config.status src/Makefile depfiles

on Dual-G4.local

config.status:681: creating src/Makefile
config.status:1035: executing depfiles commands
